d:\sulley\documents\visual studio 2015\projects\sdlsetup\sdlsetup\x64\debug\vc140.pdb
d:\sulley\documents\visual studio 2015\projects\sdlsetup\sdlsetup\x64\debug\vc140.idb
d:\sulley\documents\visual studio 2015\projects\sdlsetup\sdlsetup\x64\debug\glscene.obj
d:\sulley\documents\visual studio 2015\projects\sdlsetup\sdlsetup\x64\debug\glwindow.obj
d:\sulley\documents\visual studio 2015\projects\sdlsetup\sdlsetup\x64\debug\main.obj
d:\sulley\documents\visual studio 2015\projects\sdlsetup\sdlsetup\x64\debug\glshaderprogram.obj
d:\sulley\documents\visual studio 2015\projects\sdlsetup\sdlsetup\x64\debug\shader.obj
d:\sulley\documents\visual studio 2015\projects\sdlsetup\sdlsetup\x64\debug\glutil.obj
d:\sulley\documents\visual studio 2015\projects\sdlsetup\x64\debug\sdlsetup.ilk
d:\sulley\documents\visual studio 2015\projects\sdlsetup\x64\debug\sdlsetup.exe
d:\sulley\documents\visual studio 2015\projects\sdlsetup\x64\debug\sdlsetup.pdb
d:\sulley\documents\visual studio 2015\projects\sdlsetup\sdlsetup\x64\debug\sdlsetup.tlog\cl.command.1.tlog
d:\sulley\documents\visual studio 2015\projects\sdlsetup\sdlsetup\x64\debug\sdlsetup.tlog\cl.read.1.tlog
d:\sulley\documents\visual studio 2015\projects\sdlsetup\sdlsetup\x64\debug\sdlsetup.tlog\cl.write.1.tlog
d:\sulley\documents\visual studio 2015\projects\sdlsetup\sdlsetup\x64\debug\sdlsetup.tlog\fxc.command.1.tlog
d:\sulley\documents\visual studio 2015\projects\sdlsetup\sdlsetup\x64\debug\sdlsetup.tlog\fxc.read.1.tlog
d:\sulley\documents\visual studio 2015\projects\sdlsetup\sdlsetup\x64\debug\sdlsetup.tlog\fxc.write.1.tlog
d:\sulley\documents\visual studio 2015\projects\sdlsetup\sdlsetup\x64\debug\sdlsetup.tlog\link.command.1.tlog
d:\sulley\documents\visual studio 2015\projects\sdlsetup\sdlsetup\x64\debug\sdlsetup.tlog\link.read.1.tlog
d:\sulley\documents\visual studio 2015\projects\sdlsetup\sdlsetup\x64\debug\sdlsetup.tlog\link.write.1.tlog
d:\sulley\documents\visual studio 2015\projects\sdlsetup\sdlsetup\x64\debug\sdlsetup.tlog\sdlsetup.write.1u.tlog
